<?xml version="1.0" encoding="UTF-8"?>
<testng-results skipped="0" failed="0" ignored="0" total="1" passed="1">
  <reporter-output>
  </reporter-output>
  <suite name="Default suite" duration-ms="790" started-at="2019-06-19T19:03:17Z" finished-at="2019-06-19T19:03:18Z">
    <groups>
    </groups>
    <test name="Default test" duration-ms="790" started-at="2019-06-19T19:03:17Z" finished-at="2019-06-19T19:03:18Z">
      <class name="com.pdfreader.MyPDFReader">
        <test-method status="PASS" signature="PDFReaderTest()[pri:0, instance:com.pdfreader.MyPDFReader@1060b431]" name="PDFReaderTest" duration-ms="773" started-at="2019-06-19T19:03:17Z" finished-at="2019-06-19T19:03:18Z">
          <reporter-output>
          </reporter-output>
        </test-method> <!-- PDFReaderTest -->
      </class> <!-- com.pdfreader.MyPDFReader -->
    </test> <!-- Default test -->
  </suite> <!-- Default suite -->
</testng-results>
